------------------------------------------------------------------------------------------------------------------------

[2018-06-08 09:00:57 #1 store] 
Database 'C:\Data\Google_Drive\Ali2\target\Ali2-1.0-SNAPSHOT\WEB-INF\db\user.odb' is opened by 329904@Y700

[2018-06-08 09:02:22 #2 store] 
Database 'C:\Data\Google_Drive\Ali2\target\Ali2-1.0-SNAPSHOT\WEB-INF\db\user.odb' is closed by 329904@Y700

------------------------------------------------------------------------------------------------------------------------

[2018-06-08 09:02:23 #1 store] 
Database 'C:\Data\Google_Drive\Ali2\target\Ali2-1.0-SNAPSHOT\WEB-INF\db\user.odb' is opened by 329904@Y700

[2018-06-08 09:03:21 #2 store] 
Database 'C:\Data\Google_Drive\Ali2\target\Ali2-1.0-SNAPSHOT\WEB-INF\db\user.odb' is closed by 329904@Y700

------------------------------------------------------------------------------------------------------------------------

[2018-06-08 09:03:22 #1 store] 
Database 'C:\Data\Google_Drive\Ali2\target\Ali2-1.0-SNAPSHOT\WEB-INF\db\user.odb' is opened by 329904@Y700

[2018-06-08 09:04:34 #2 store] 
Database 'C:\Data\Google_Drive\Ali2\target\Ali2-1.0-SNAPSHOT\WEB-INF\db\user.odb' is closed by 329904@Y700

------------------------------------------------------------------------------------------------------------------------

[2018-06-08 09:04:35 #1 store] 
Database 'C:\Data\Google_Drive\Ali2\target\Ali2-1.0-SNAPSHOT\WEB-INF\db\user.odb' is opened by 329904@Y700

[2018-06-08 09:04:42 #2 store] 
Database 'C:\Data\Google_Drive\Ali2\target\Ali2-1.0-SNAPSHOT\WEB-INF\db\user.odb' is closed by 329904@Y700

------------------------------------------------------------------------------------------------------------------------

[2018-06-08 09:04:43 #1 store] 
Database 'C:\Data\Google_Drive\Ali2\target\Ali2-1.0-SNAPSHOT\WEB-INF\db\user.odb' is opened by 329904@Y700

[2018-06-08 09:05:00 #2 store] 
Database 'C:\Data\Google_Drive\Ali2\target\Ali2-1.0-SNAPSHOT\WEB-INF\db\user.odb' is closed by 329904@Y700

------------------------------------------------------------------------------------------------------------------------

[2018-06-08 09:05:01 #1 store] 
Database 'C:\Data\Google_Drive\Ali2\target\Ali2-1.0-SNAPSHOT\WEB-INF\db\user.odb' is opened by 329904@Y700

[2018-06-08 09:05:07 #2 store] 
Database 'C:\Data\Google_Drive\Ali2\target\Ali2-1.0-SNAPSHOT\WEB-INF\db\user.odb' is closed by 329904@Y700

------------------------------------------------------------------------------------------------------------------------

[2018-06-08 09:05:08 #1 store] 
Database 'C:\Data\Google_Drive\Ali2\target\Ali2-1.0-SNAPSHOT\WEB-INF\db\user.odb' is opened by 329904@Y700

[2018-06-08 09:05:14 #2 type.registry] 
New type data.User

[2018-06-08 09:05:31 #3 type.registry] 
New type data.Item

[2018-06-08 09:05:55 #4 store] 
Database 'C:\Data\Google_Drive\Ali2\target\Ali2-1.0-SNAPSHOT\WEB-INF\db\user.odb' is closed by 329904@Y700

------------------------------------------------------------------------------------------------------------------------

[2018-06-08 09:08:27 #1 store] 
Database 'C:\Data\Google_Drive\Ali2\target\Ali2-1.0-SNAPSHOT\WEB-INF\db\user.odb' is opened by 331592@Y700

[2018-06-08 09:10:05 #2 store] 
Database 'C:\Data\Google_Drive\Ali2\target\Ali2-1.0-SNAPSHOT\WEB-INF\db\user.odb' is closed by 331592@Y700

------------------------------------------------------------------------------------------------------------------------

[2018-06-08 09:10:06 #1 store] 
Database 'C:\Data\Google_Drive\Ali2\target\Ali2-1.0-SNAPSHOT\WEB-INF\db\user.odb' is opened by 331592@Y700

[2018-06-08 09:10:09 #2 store] 
Database 'C:\Data\Google_Drive\Ali2\target\Ali2-1.0-SNAPSHOT\WEB-INF\db\user.odb' is closed by 331592@Y700

------------------------------------------------------------------------------------------------------------------------

[2018-06-08 09:10:10 #1 store] 
Database 'C:\Data\Google_Drive\Ali2\target\Ali2-1.0-SNAPSHOT\WEB-INF\db\user.odb' is opened by 331592@Y700

[2018-06-08 09:10:41 #2 store] 
Database 'C:\Data\Google_Drive\Ali2\target\Ali2-1.0-SNAPSHOT\WEB-INF\db\user.odb' is closed by 331592@Y700

------------------------------------------------------------------------------------------------------------------------

[2018-06-08 09:10:42 #1 store] 
Database 'C:\Data\Google_Drive\Ali2\target\Ali2-1.0-SNAPSHOT\WEB-INF\db\user.odb' is opened by 331592@Y700

[2018-06-08 09:11:06 #2 store] 
Database 'C:\Data\Google_Drive\Ali2\target\Ali2-1.0-SNAPSHOT\WEB-INF\db\user.odb' is closed by 331592@Y700

------------------------------------------------------------------------------------------------------------------------

[2018-06-08 09:11:07 #1 store] 
Database 'C:\Data\Google_Drive\Ali2\target\Ali2-1.0-SNAPSHOT\WEB-INF\db\user.odb' is opened by 331592@Y700

[2018-06-08 09:12:44 #2 store] 
Database 'C:\Data\Google_Drive\Ali2\target\Ali2-1.0-SNAPSHOT\WEB-INF\db\user.odb' is closed by 331592@Y700

------------------------------------------------------------------------------------------------------------------------

[2018-06-08 09:12:45 #1 store] 
Database 'C:\Data\Google_Drive\Ali2\target\Ali2-1.0-SNAPSHOT\WEB-INF\db\user.odb' is opened by 331592@Y700

[2018-06-08 09:13:08 #2 store] 
Database 'C:\Data\Google_Drive\Ali2\target\Ali2-1.0-SNAPSHOT\WEB-INF\db\user.odb' is closed by 331592@Y700

------------------------------------------------------------------------------------------------------------------------

[2018-06-08 09:13:09 #1 store] 
Database 'C:\Data\Google_Drive\Ali2\target\Ali2-1.0-SNAPSHOT\WEB-INF\db\user.odb' is opened by 331592@Y700

[2018-06-08 09:15:28 #2 store] 
Database 'C:\Data\Google_Drive\Ali2\target\Ali2-1.0-SNAPSHOT\WEB-INF\db\user.odb' is closed by 331592@Y700

------------------------------------------------------------------------------------------------------------------------

[2018-06-08 09:15:29 #1 store] 
Database 'C:\Data\Google_Drive\Ali2\target\Ali2-1.0-SNAPSHOT\WEB-INF\db\user.odb' is opened by 331592@Y700

[2018-06-08 09:16:09 #2 store] 
Database 'C:\Data\Google_Drive\Ali2\target\Ali2-1.0-SNAPSHOT\WEB-INF\db\user.odb' is closed by 331592@Y700

------------------------------------------------------------------------------------------------------------------------

[2018-06-08 09:16:10 #1 store] 
Database 'C:\Data\Google_Drive\Ali2\target\Ali2-1.0-SNAPSHOT\WEB-INF\db\user.odb' is opened by 331592@Y700

[2018-06-08 09:24:05 #2 store] 
Database 'C:\Data\Google_Drive\Ali2\target\Ali2-1.0-SNAPSHOT\WEB-INF\db\user.odb' is closed by 331592@Y700

------------------------------------------------------------------------------------------------------------------------

[2018-06-08 10:05:15 #1 store] 
Database 'C:\Data\Google_Drive\Ali2\target\Ali2-1.0-SNAPSHOT\WEB-INF\db\user.odb' is opened by 338900@Y700

[2018-06-08 10:10:20 #2 store] 
Database 'C:\Data\Google_Drive\Ali2\target\Ali2-1.0-SNAPSHOT\WEB-INF\db\user.odb' is closed by 338900@Y700

------------------------------------------------------------------------------------------------------------------------

[2018-06-08 10:10:21 #1 store] 
Database 'C:\Data\Google_Drive\Ali2\target\Ali2-1.0-SNAPSHOT\WEB-INF\db\user.odb' is opened by 338900@Y700

[2018-06-08 10:12:39 #2 store] 
Database 'C:\Data\Google_Drive\Ali2\target\Ali2-1.0-SNAPSHOT\WEB-INF\db\user.odb' is closed by 338900@Y700

------------------------------------------------------------------------------------------------------------------------

[2018-06-08 10:12:40 #1 store] 
Database 'C:\Data\Google_Drive\Ali2\target\Ali2-1.0-SNAPSHOT\WEB-INF\db\user.odb' is opened by 338900@Y700

[2018-06-08 10:17:16 #2 store] 
Database 'C:\Data\Google_Drive\Ali2\target\Ali2-1.0-SNAPSHOT\WEB-INF\db\user.odb' is closed by 338900@Y700

------------------------------------------------------------------------------------------------------------------------

[2018-06-08 10:17:18 #1 store] 
Database 'C:\Data\Google_Drive\Ali2\target\Ali2-1.0-SNAPSHOT\WEB-INF\db\user.odb' is opened by 338900@Y700

[2018-06-08 10:26:46 #2 store] 
Database 'C:\Data\Google_Drive\Ali2\target\Ali2-1.0-SNAPSHOT\WEB-INF\db\user.odb' is closed by 338900@Y700

------------------------------------------------------------------------------------------------------------------------

[2018-06-08 10:31:11 #1 store] 
Database 'C:\Data\Google_Drive\Ali2\target\Ali2-1.0-SNAPSHOT\WEB-INF\db\user.odb' is opened by 334588@Y700

[2018-06-08 11:54:56 #2 store] 
Database 'C:\Data\Google_Drive\Ali2\target\Ali2-1.0-SNAPSHOT\WEB-INF\db\user.odb' is closed by 334588@Y700

